[INFO] Scanning for projects...
[INFO] 
[INFO] ------------------< com.driverental:onlinecarrental >-------------------
[INFO] Building onlinecarrental 0.0.1-SNAPSHOT
[INFO]   from pom.xml
[INFO] --------------------------------[ jar ]---------------------------------
[INFO] 
[INFO] --- clean:3.3.2:clean (default-clean) @ onlinecarrental ---
[INFO] Deleting C:\Users\gurur\OneDrive\Desktop\6thsemproject\onlinecarrental\backend\target
[INFO] 
[INFO] --- resources:3.3.1:resources (default-resources) @ onlinecarrental ---
[INFO] Copying 1 resource from src\main\resources to target\classes
[INFO] Copying 0 resource from src\main\resources to target\classes
[INFO] 
[INFO] --- compiler:3.11.0:compile (default-compile) @ onlinecarrental ---
[INFO] Changes detected - recompiling the module! :source
[INFO] Compiling 82 source files with javac [debug release 21] to target\classes
[WARNING] /C:/Users/gurur/OneDrive/Desktop/6thsemproject/onlinecarrental/backend/src/main/java/com/driverental/onlinecarrental/model/entity/User.java:[52,22] @Builder will ignore the initializing expression entirely. If you want the initializing expression to serve as default, add @Builder.Default. If it is not supposed to be settable during building, make the field final.
[WARNING] /C:/Users/gurur/OneDrive/Desktop/6thsemproject/onlinecarrental/backend/src/main/java/com/driverental/onlinecarrental/model/entity/User.java:[61,27] @Builder will ignore the initializing expression entirely. If you want the initializing expression to serve as default, add @Builder.Default. If it is not supposed to be settable during building, make the field final.
[WARNING] /C:/Users/gurur/OneDrive/Desktop/6thsemproject/onlinecarrental/backend/src/main/java/com/driverental/onlinecarrental/model/entity/User.java:[64,26] @Builder will ignore the initializing expression entirely. If you want the initializing expression to serve as default, add @Builder.Default. If it is not supposed to be settable during building, make the field final.
[WARNING] /C:/Users/gurur/OneDrive/Desktop/6thsemproject/onlinecarrental/backend/src/main/java/com/driverental/onlinecarrental/model/entity/Car.java:[63,26] @Builder will ignore the initializing expression entirely. If you want the initializing expression to serve as default, add @Builder.Default. If it is not supposed to be settable during building, make the field final.
[WARNING] /C:/Users/gurur/OneDrive/Desktop/6thsemproject/onlinecarrental/backend/src/main/java/com/driverental/onlinecarrental/model/entity/Car.java:[80,21] @Builder will ignore the initializing expression entirely. If you want the initializing expression to serve as default, add @Builder.Default. If it is not supposed to be settable during building, make the field final.
[WARNING] /C:/Users/gurur/OneDrive/Desktop/6thsemproject/onlinecarrental/backend/src/main/java/com/driverental/onlinecarrental/model/entity/Car.java:[82,20] @Builder will ignore the initializing expression entirely. If you want the initializing expression to serve as default, add @Builder.Default. If it is not supposed to be settable during building, make the field final.
[WARNING] /C:/Users/gurur/OneDrive/Desktop/6thsemproject/onlinecarrental/backend/src/main/java/com/driverental/onlinecarrental/model/entity/Car.java:[84,21] @Builder will ignore the initializing expression entirely. If you want the initializing expression to serve as default, add @Builder.Default. If it is not supposed to be settable during building, make the field final.
[WARNING] /C:/Users/gurur/OneDrive/Desktop/6thsemproject/onlinecarrental/backend/src/main/java/com/driverental/onlinecarrental/model/entity/Car.java:[93,27] @Builder will ignore the initializing expression entirely. If you want the initializing expression to serve as default, add @Builder.Default. If it is not supposed to be settable during building, make the field final.
[WARNING] /C:/Users/gurur/OneDrive/Desktop/6thsemproject/onlinecarrental/backend/src/main/java/com/driverental/onlinecarrental/model/entity/Car.java:[96,26] @Builder will ignore the initializing expression entirely. If you want the initializing expression to serve as default, add @Builder.Default. If it is not supposed to be settable during building, make the field final.
[WARNING] /C:/Users/gurur/OneDrive/Desktop/6thsemproject/onlinecarrental/backend/src/main/java/com/driverental/onlinecarrental/model/entity/Booking.java:[49,27] @Builder will ignore the initializing expression entirely. If you want the initializing expression to serve as default, add @Builder.Default. If it is not supposed to be settable during building, make the field final.
[INFO] ------------------------------------------------------------------------
[INFO] BUILD SUCCESS
[INFO] ------------------------------------------------------------------------
[INFO] Total time:  8.285 s
[INFO] Finished at: 2025-12-14T11:24:56+05:45
[INFO] ------------------------------------------------------------------------
