2026-01-27T12:23:27.478Z  INFO 7014 --- [restartedMain] c.d.o.OnlineCarRentalApplication         : Starting OnlineCarRentalApplication using Java 21.0.9 with PID 7014 (/workspaces/onlinecarrental/backend/target/classes started by codespace in /workspaces/onlinecarrental/backend)
2026-01-27T12:23:27.490Z  INFO 7014 --- [restartedMain] c.d.o.OnlineCarRentalApplication         : No active profile set, falling back to 1 default profile: "default"
2026-01-27T12:23:27.561Z  INFO 7014 --- [restartedMain] .e.DevToolsPropertyDefaultsPostProcessor : Devtools property defaults active! Set 'spring.devtools.add-properties' to 'false' to disable
2026-01-27T12:23:27.563Z  INFO 7014 --- [restartedMain] .e.DevToolsPropertyDefaultsPostProcessor : For additional web related logging consider setting the 'logging.level.web' property to 'DEBUG'
2026-01-27T12:23:29.268Z  INFO 7014 --- [restartedMain] .s.d.r.c.RepositoryConfigurationDelegate : Multiple Spring Data modules found, entering strict repository configuration mode
2026-01-27T12:23:29.270Z  INFO 7014 --- [restartedMain] .s.d.r.c.RepositoryConfigurationDelegate : Bootstrapping Spring Data JPA repositories in DEFAULT mode.
2026-01-27T12:23:29.426Z  INFO 7014 --- [restartedMain] .s.d.r.c.RepositoryConfigurationDelegate : Finished Spring Data repository scanning in 149 ms. Found 8 JPA repository interfaces.
2026-01-27T12:23:29.444Z  INFO 7014 --- [restartedMain] .s.d.r.c.RepositoryConfigurationDelegate : Multiple Spring Data modules found, entering strict repository configuration mode
2026-01-27T12:23:29.445Z  INFO 7014 --- [restartedMain] .s.d.r.c.RepositoryConfigurationDelegate : Bootstrapping Spring Data Redis repositories in DEFAULT mode.
2026-01-27T12:23:29.461Z  INFO 7014 --- [restartedMain] .RepositoryConfigurationExtensionSupport : Spring Data Redis - Could not safely identify store assignment for repository candidate interface com.driverental.onlinecarrental.repository.BookingRepository; If you want this repository to be a Redis repository, consider annotating your entities with one of these annotations: org.springframework.data.redis.core.RedisHash (preferred), or consider extending one of the following types with your repository: org.springframework.data.keyvalue.repository.KeyValueRepository
2026-01-27T12:23:29.461Z  INFO 7014 --- [restartedMain] .RepositoryConfigurationExtensionSupport : Spring Data Redis - Could not safely identify store assignment for repository candidate interface com.driverental.onlinecarrental.repository.ImageCategoryRepository; If you want this repository to be a Redis repository, consider annotating your entities with one of these annotations: org.springframework.data.redis.core.RedisHash (preferred), or consider extending one of the following types with your repository: org.springframework.data.keyvalue.repository.KeyValueRepository
2026-01-27T12:23:29.462Z  INFO 7014 --- [restartedMain] .RepositoryConfigurationExtensionSupport : Spring Data Redis - Could not safely identify store assignment for repository candidate interface com.driverental.onlinecarrental.repository.PaymentRepository; If you want this repository to be a Redis repository, consider annotating your entities with one of these annotations: org.springframework.data.redis.core.RedisHash (preferred), or consider extending one of the following types with your repository: org.springframework.data.keyvalue.repository.KeyValueRepository
2026-01-27T12:23:29.462Z  INFO 7014 --- [restartedMain] .RepositoryConfigurationExtensionSupport : Spring Data Redis - Could not safely identify store assignment for repository candidate interface com.driverental.onlinecarrental.repository.PriceConfigRepository; If you want this repository to be a Redis repository, consider annotating your entities with one of these annotations: org.springframework.data.redis.core.RedisHash (preferred), or consider extending one of the following types with your repository: org.springframework.data.keyvalue.repository.KeyValueRepository
2026-01-27T12:23:29.462Z  INFO 7014 --- [restartedMain] .RepositoryConfigurationExtensionSupport : Spring Data Redis - Could not safely identify store assignment for repository candidate interface com.driverental.onlinecarrental.repository.ReviewRepository; If you want this repository to be a Redis repository, consider annotating your entities with one of these annotations: org.springframework.data.redis.core.RedisHash (preferred), or consider extending one of the following types with your repository: org.springframework.data.keyvalue.repository.KeyValueRepository
2026-01-27T12:23:29.463Z  INFO 7014 --- [restartedMain] .RepositoryConfigurationExtensionSupport : Spring Data Redis - Could not safely identify store assignment for repository candidate interface com.driverental.onlinecarrental.repository.UserRepository; If you want this repository to be a Redis repository, consider annotating your entities with one of these annotations: org.springframework.data.redis.core.RedisHash (preferred), or consider extending one of the following types with your repository: org.springframework.data.keyvalue.repository.KeyValueRepository
2026-01-27T12:23:29.464Z  INFO 7014 --- [restartedMain] .RepositoryConfigurationExtensionSupport : Spring Data Redis - Could not safely identify store assignment for repository candidate interface com.driverental.onlinecarrental.repository.VehicleImageRepository; If you want this repository to be a Redis repository, consider annotating your entities with one of these annotations: org.springframework.data.redis.core.RedisHash (preferred), or consider extending one of the following types with your repository: org.springframework.data.keyvalue.repository.KeyValueRepository
2026-01-27T12:23:29.464Z  INFO 7014 --- [restartedMain] .RepositoryConfigurationExtensionSupport : Spring Data Redis - Could not safely identify store assignment for repository candidate interface com.driverental.onlinecarrental.repository.VehicleRepository; If you want this repository to be a Redis repository, consider annotating your entities with one of these annotations: org.springframework.data.redis.core.RedisHash (preferred), or consider extending one of the following types with your repository: org.springframework.data.keyvalue.repository.KeyValueRepository
2026-01-27T12:23:29.464Z  INFO 7014 --- [restartedMain] .s.d.r.c.RepositoryConfigurationDelegate : Finished Spring Data repository scanning in 11 ms. Found 0 Redis repository interfaces.
2026-01-27T12:23:30.123Z  INFO 7014 --- [restartedMain] o.s.b.w.embedded.tomcat.TomcatWebServer  : Tomcat initialized with port 8080 (http)
2026-01-27T12:23:30.133Z  INFO 7014 --- [restartedMain] o.apache.catalina.core.StandardService   : Starting service [Tomcat]
2026-01-27T12:23:30.133Z  INFO 7014 --- [restartedMain] o.apache.catalina.core.StandardEngine    : Starting Servlet engine: [Apache Tomcat/10.1.16]
2026-01-27T12:23:30.177Z  INFO 7014 --- [restartedMain] o.a.c.c.C.[Tomcat].[localhost].[/]       : Initializing Spring embedded WebApplicationContext
2026-01-27T12:23:30.178Z  INFO 7014 --- [restartedMain] w.s.c.ServletWebServerApplicationContext : Root WebApplicationContext: initialization completed in 2614 ms
2026-01-27T12:23:30.475Z  INFO 7014 --- [restartedMain] o.hibernate.jpa.internal.util.LogHelper  : HHH000204: Processing PersistenceUnitInfo [name: default]
2026-01-27T12:23:30.535Z  INFO 7014 --- [restartedMain] org.hibernate.Version                    : HHH000412: Hibernate ORM core version 6.3.1.Final
2026-01-27T12:23:30.569Z  INFO 7014 --- [restartedMain] o.h.c.internal.RegionFactoryInitiator    : HHH000026: Second-level cache disabled
2026-01-27T12:23:30.843Z  INFO 7014 --- [restartedMain] o.s.o.j.p.SpringPersistenceUnitInfo      : No LoadTimeWeaver setup: ignoring JPA class transformer
2026-01-27T12:23:30.865Z  INFO 7014 --- [restartedMain] com.zaxxer.hikari.HikariDataSource       : HikariPool-1 - Starting...
2026-01-27T12:23:31.238Z  INFO 7014 --- [restartedMain] com.zaxxer.hikari.pool.HikariPool        : HikariPool-1 - Added connection com.mysql.cj.jdbc.ConnectionImpl@6d86e59e
2026-01-27T12:23:31.239Z  INFO 7014 --- [restartedMain] com.zaxxer.hikari.HikariDataSource       : HikariPool-1 - Start completed.
2026-01-27T12:23:31.287Z  WARN 7014 --- [restartedMain] org.hibernate.orm.deprecation            : HHH90000025: MySQLDialect does not need to be specified explicitly using 'hibernate.dialect' (remove the property setting and it will be selected by default)
2026-01-27T12:23:32.413Z  INFO 7014 --- [restartedMain] o.h.e.t.j.p.i.JtaPlatformInitiator       : HHH000489: No JTA platform available (set 'hibernate.transaction.jta.platform' to enable JTA platform integration)
2026-01-27T12:23:32.472Z DEBUG 7014 --- [restartedMain] org.hibernate.SQL                        : 
    alter table image_categories 
       drop index UKci8mupno9f7ha0pae33hxvxnw
2026-01-27T12:23:32.601Z DEBUG 7014 --- [restartedMain] org.hibernate.SQL                        : 
    alter table image_categories 
       add constraint UKci8mupno9f7ha0pae33hxvxnw unique (name)
2026-01-27T12:23:32.872Z  INFO 7014 --- [restartedMain] j.LocalContainerEntityManagerFactoryBean : Initialized JPA EntityManagerFactory for persistence unit 'default'
2026-01-27T12:23:33.133Z  INFO 7014 --- [restartedMain] o.s.d.j.r.query.QueryEnhancerFactory     : Hibernate is in classpath; If applicable, HQL parser will be used.
2026-01-27T12:23:34.795Z  INFO 7014 --- [restartedMain] c.d.o.service.impl.SearchServiceImpl     : Rebuilding search index...
2026-01-27T12:23:34.858Z DEBUG 7014 --- [restartedMain] org.hibernate.SQL                        : 
    select
        v1_0.id,
        v1_0.base_price,
        v1_0.created_at,
        v1_0.daily_price,
        v1_0.description,
        v1_0.engine_capacity,
        v1_0.fuel_type,
        v1_0.image_category,
        v1_0.image_name,
        v1_0.image_names,
        v1_0.image_url,
        v1_0.is_available,
        v1_0.license_plate,
        v1_0.location,
        v1_0.luggage_capacity,
        v1_0.main_image_name,
        v1_0.make,
        v1_0.model,
        v1_0.rating,
        v1_0.review_count,
        v1_0.seats,
        v1_0.transmission,
        v1_0.type,
        v1_0.updated_at,
        v1_0.year 
    from
        vehicles v1_0
2026-01-27T12:23:34.867Z  INFO 7014 --- [restartedMain] c.d.o.service.impl.SearchServiceImpl     : Search index rebuilt with 0 keywords
2026-01-27T12:23:35.014Z  WARN 7014 --- [restartedMain] JpaBaseConfiguration$JpaWebConfiguration : spring.jpa.open-in-view is enabled by default. Therefore, database queries may be performed during view rendering. Explicitly configure spring.jpa.open-in-view to disable this warning
2026-01-27T12:23:35.838Z  INFO 7014 --- [restartedMain] o.s.b.d.a.OptionalLiveReloadServer       : LiveReload server is running on port 35729
2026-01-27T12:23:35.868Z  INFO 7014 --- [restartedMain] o.s.b.w.embedded.tomcat.TomcatWebServer  : Tomcat started on port 8080 (http) with context path ''
2026-01-27T12:23:35.879Z  INFO 7014 --- [restartedMain] c.d.o.OnlineCarRentalApplication         : Started OnlineCarRentalApplication in 9.152 seconds (process running for 9.699)
2026-01-27T12:23:35.885Z  INFO 7014 --- [scheduling-1] c.d.o.service.impl.SearchServiceImpl     : Rebuilding search index...
2026-01-27T12:23:35.889Z DEBUG 7014 --- [scheduling-1] org.hibernate.SQL                        : 
    select
        v1_0.id,
        v1_0.base_price,
        v1_0.created_at,
        v1_0.daily_price,
        v1_0.description,
        v1_0.engine_capacity,
        v1_0.fuel_type,
        v1_0.image_category,
        v1_0.image_name,
        v1_0.image_names,
        v1_0.image_url,
        v1_0.is_available,
        v1_0.license_plate,
        v1_0.location,
        v1_0.luggage_capacity,
        v1_0.main_image_name,
        v1_0.make,
        v1_0.model,
        v1_0.rating,
        v1_0.review_count,
        v1_0.seats,
        v1_0.transmission,
        v1_0.type,
        v1_0.updated_at,
        v1_0.year 
    from
        vehicles v1_0
2026-01-27T12:23:35.891Z  INFO 7014 --- [scheduling-1] c.d.o.service.impl.SearchServiceImpl     : Search index rebuilt with 0 keywords
2026-01-27T13:23:35.879Z  INFO 7014 --- [scheduling-1] c.d.o.service.impl.SearchServiceImpl     : Rebuilding search index...
2026-01-27T13:23:35.884Z DEBUG 7014 --- [scheduling-1] org.hibernate.SQL                        : 
    select
        v1_0.id,
        v1_0.base_price,
        v1_0.created_at,
        v1_0.daily_price,
        v1_0.description,
        v1_0.engine_capacity,
        v1_0.fuel_type,
        v1_0.image_category,
        v1_0.image_name,
        v1_0.image_names,
        v1_0.image_url,
        v1_0.is_available,
        v1_0.license_plate,
        v1_0.location,
        v1_0.luggage_capacity,
        v1_0.main_image_name,
        v1_0.make,
        v1_0.model,
        v1_0.rating,
        v1_0.review_count,
        v1_0.seats,
        v1_0.transmission,
        v1_0.type,
        v1_0.updated_at,
        v1_0.year 
    from
        vehicles v1_0
2026-01-27T13:23:35.887Z  INFO 7014 --- [scheduling-1] c.d.o.service.impl.SearchServiceImpl     : Search index rebuilt with 0 keywords
2026-01-27T13:50:40.650Z  INFO 7014 --- [http-nio-8080-exec-1] o.a.c.c.C.[Tomcat].[localhost].[/]       : Initializing Spring DispatcherServlet 'dispatcherServlet'
2026-01-27T13:50:40.651Z  INFO 7014 --- [http-nio-8080-exec-1] o.s.web.servlet.DispatcherServlet        : Initializing Servlet 'dispatcherServlet'
2026-01-27T13:50:40.653Z  INFO 7014 --- [http-nio-8080-exec-1] o.s.web.servlet.DispatcherServlet        : Completed initialization in 1 ms
2026-01-27T13:53:44.783Z  INFO 7014 --- [SpringApplicationShutdownHook] j.LocalContainerEntityManagerFactoryBean : Closing JPA EntityManagerFactory for persistence unit 'default'
2026-01-27T13:53:44.792Z  INFO 7014 --- [SpringApplicationShutdownHook] com.zaxxer.hikari.HikariDataSource       : HikariPool-1 - Shutdown initiated...
2026-01-27T13:53:44.796Z  INFO 7014 --- [SpringApplicationShutdownHook] com.zaxxer.hikari.HikariDataSource       : HikariPool-1 - Shutdown completed.
2026-01-27T13:54:09.333Z  INFO 46760 --- [restartedMain] c.d.o.OnlineCarRentalApplication         : Starting OnlineCarRentalApplication using Java 21.0.9 with PID 46760 (/workspaces/onlinecarrental/backend/target/classes started by codespace in /workspaces/onlinecarrental/backend)
2026-01-27T13:54:09.335Z  INFO 46760 --- [restartedMain] c.d.o.OnlineCarRentalApplication         : No active profile set, falling back to 1 default profile: "default"
2026-01-27T13:54:09.403Z  INFO 46760 --- [restartedMain] .e.DevToolsPropertyDefaultsPostProcessor : Devtools property defaults active! Set 'spring.devtools.add-properties' to 'false' to disable
2026-01-27T13:54:09.403Z  INFO 46760 --- [restartedMain] .e.DevToolsPropertyDefaultsPostProcessor : For additional web related logging consider setting the 'logging.level.web' property to 'DEBUG'
2026-01-27T13:54:10.589Z  INFO 46760 --- [restartedMain] .s.d.r.c.RepositoryConfigurationDelegate : Multiple Spring Data modules found, entering strict repository configuration mode
2026-01-27T13:54:10.590Z  INFO 46760 --- [restartedMain] .s.d.r.c.RepositoryConfigurationDelegate : Bootstrapping Spring Data JPA repositories in DEFAULT mode.
2026-01-27T13:54:10.751Z  INFO 46760 --- [restartedMain] .s.d.r.c.RepositoryConfigurationDelegate : Finished Spring Data repository scanning in 155 ms. Found 8 JPA repository interfaces.
2026-01-27T13:54:10.769Z  INFO 46760 --- [restartedMain] .s.d.r.c.RepositoryConfigurationDelegate : Multiple Spring Data modules found, entering strict repository configuration mode
2026-01-27T13:54:10.770Z  INFO 46760 --- [restartedMain] .s.d.r.c.RepositoryConfigurationDelegate : Bootstrapping Spring Data Redis repositories in DEFAULT mode.
2026-01-27T13:54:10.784Z  INFO 46760 --- [restartedMain] .RepositoryConfigurationExtensionSupport : Spring Data Redis - Could not safely identify store assignment for repository candidate interface com.driverental.onlinecarrental.repository.BookingRepository; If you want this repository to be a Redis repository, consider annotating your entities with one of these annotations: org.springframework.data.redis.core.RedisHash (preferred), or consider extending one of the following types with your repository: org.springframework.data.keyvalue.repository.KeyValueRepository
2026-01-27T13:54:10.785Z  INFO 46760 --- [restartedMain] .RepositoryConfigurationExtensionSupport : Spring Data Redis - Could not safely identify store assignment for repository candidate interface com.driverental.onlinecarrental.repository.ImageCategoryRepository; If you want this repository to be a Redis repository, consider annotating your entities with one of these annotations: org.springframework.data.redis.core.RedisHash (preferred), or consider extending one of the following types with your repository: org.springframework.data.keyvalue.repository.KeyValueRepository
2026-01-27T13:54:10.785Z  INFO 46760 --- [restartedMain] .RepositoryConfigurationExtensionSupport : Spring Data Redis - Could not safely identify store assignment for repository candidate interface com.driverental.onlinecarrental.repository.PaymentRepository; If you want this repository to be a Redis repository, consider annotating your entities with one of these annotations: org.springframework.data.redis.core.RedisHash (preferred), or consider extending one of the following types with your repository: org.springframework.data.keyvalue.repository.KeyValueRepository
2026-01-27T13:54:10.786Z  INFO 46760 --- [restartedMain] .RepositoryConfigurationExtensionSupport : Spring Data Redis - Could not safely identify store assignment for repository candidate interface com.driverental.onlinecarrental.repository.PriceConfigRepository; If you want this repository to be a Redis repository, consider annotating your entities with one of these annotations: org.springframework.data.redis.core.RedisHash (preferred), or consider extending one of the following types with your repository: org.springframework.data.keyvalue.repository.KeyValueRepository
2026-01-27T13:54:10.786Z  INFO 46760 --- [restartedMain] .RepositoryConfigurationExtensionSupport : Spring Data Redis - Could not safely identify store assignment for repository candidate interface com.driverental.onlinecarrental.repository.ReviewRepository; If you want this repository to be a Redis repository, consider annotating your entities with one of these annotations: org.springframework.data.redis.core.RedisHash (preferred), or consider extending one of the following types with your repository: org.springframework.data.keyvalue.repository.KeyValueRepository
2026-01-27T13:54:10.786Z  INFO 46760 --- [restartedMain] .RepositoryConfigurationExtensionSupport : Spring Data Redis - Could not safely identify store assignment for repository candidate interface com.driverental.onlinecarrental.repository.UserRepository; If you want this repository to be a Redis repository, consider annotating your entities with one of these annotations: org.springframework.data.redis.core.RedisHash (preferred), or consider extending one of the following types with your repository: org.springframework.data.keyvalue.repository.KeyValueRepository
2026-01-27T13:54:10.787Z  INFO 46760 --- [restartedMain] .RepositoryConfigurationExtensionSupport : Spring Data Redis - Could not safely identify store assignment for repository candidate interface com.driverental.onlinecarrental.repository.VehicleImageRepository; If you want this repository to be a Redis repository, consider annotating your entities with one of these annotations: org.springframework.data.redis.core.RedisHash (preferred), or consider extending one of the following types with your repository: org.springframework.data.keyvalue.repository.KeyValueRepository
2026-01-27T13:54:10.787Z  INFO 46760 --- [restartedMain] .RepositoryConfigurationExtensionSupport : Spring Data Redis - Could not safely identify store assignment for repository candidate interface com.driverental.onlinecarrental.repository.VehicleRepository; If you want this repository to be a Redis repository, consider annotating your entities with one of these annotations: org.springframework.data.redis.core.RedisHash (preferred), or consider extending one of the following types with your repository: org.springframework.data.keyvalue.repository.KeyValueRepository
2026-01-27T13:54:10.787Z  INFO 46760 --- [restartedMain] .s.d.r.c.RepositoryConfigurationDelegate : Finished Spring Data repository scanning in 10 ms. Found 0 Redis repository interfaces.
2026-01-27T13:54:11.370Z  INFO 46760 --- [restartedMain] o.s.b.w.embedded.tomcat.TomcatWebServer  : Tomcat initialized with port 8080 (http)
2026-01-27T13:54:11.380Z  INFO 46760 --- [restartedMain] o.apache.catalina.core.StandardService   : Starting service [Tomcat]
2026-01-27T13:54:11.381Z  INFO 46760 --- [restartedMain] o.apache.catalina.core.StandardEngine    : Starting Servlet engine: [Apache Tomcat/10.1.16]
2026-01-27T13:54:11.417Z  INFO 46760 --- [restartedMain] o.a.c.c.C.[Tomcat].[localhost].[/]       : Initializing Spring embedded WebApplicationContext
2026-01-27T13:54:11.418Z  INFO 46760 --- [restartedMain] w.s.c.ServletWebServerApplicationContext : Root WebApplicationContext: initialization completed in 2014 ms
2026-01-27T13:54:11.580Z  INFO 46760 --- [restartedMain] o.hibernate.jpa.internal.util.LogHelper  : HHH000204: Processing PersistenceUnitInfo [name: default]
2026-01-27T13:54:11.659Z  INFO 46760 --- [restartedMain] org.hibernate.Version                    : HHH000412: Hibernate ORM core version 6.3.1.Final
2026-01-27T13:54:11.695Z  INFO 46760 --- [restartedMain] o.h.c.internal.RegionFactoryInitiator    : HHH000026: Second-level cache disabled
2026-01-27T13:54:11.906Z  INFO 46760 --- [restartedMain] o.s.o.j.p.SpringPersistenceUnitInfo      : No LoadTimeWeaver setup: ignoring JPA class transformer
2026-01-27T13:54:11.927Z  INFO 46760 --- [restartedMain] com.zaxxer.hikari.HikariDataSource       : HikariPool-1 - Starting...
2026-01-27T13:54:12.212Z  INFO 46760 --- [restartedMain] com.zaxxer.hikari.pool.HikariPool        : HikariPool-1 - Added connection com.mysql.cj.jdbc.ConnectionImpl@5cf51250
2026-01-27T13:54:12.213Z  INFO 46760 --- [restartedMain] com.zaxxer.hikari.HikariDataSource       : HikariPool-1 - Start completed.
2026-01-27T13:54:12.259Z  WARN 46760 --- [restartedMain] org.hibernate.orm.deprecation            : HHH90000025: MySQLDialect does not need to be specified explicitly using 'hibernate.dialect' (remove the property setting and it will be selected by default)
2026-01-27T13:54:13.342Z  INFO 46760 --- [restartedMain] o.h.e.t.j.p.i.JtaPlatformInitiator       : HHH000489: No JTA platform available (set 'hibernate.transaction.jta.platform' to enable JTA platform integration)
2026-01-27T13:54:13.439Z  INFO 46760 --- [restartedMain] j.LocalContainerEntityManagerFactoryBean : Initialized JPA EntityManagerFactory for persistence unit 'default'
2026-01-27T13:54:13.684Z  INFO 46760 --- [restartedMain] o.s.d.j.r.query.QueryEnhancerFactory     : Hibernate is in classpath; If applicable, HQL parser will be used.
2026-01-27T13:54:15.278Z  INFO 46760 --- [restartedMain] c.d.o.service.impl.SearchServiceImpl     : Rebuilding search index...
2026-01-27T13:54:15.340Z DEBUG 46760 --- [restartedMain] org.hibernate.SQL                        : 
    select
        v1_0.id,
        v1_0.base_price,
        v1_0.created_at,
        v1_0.daily_price,
        v1_0.description,
        v1_0.engine_capacity,
        v1_0.fuel_type,
        v1_0.image_category,
        v1_0.image_name,
        v1_0.image_names,
        v1_0.image_url,
        v1_0.is_available,
        v1_0.license_plate,
        v1_0.location,
        v1_0.luggage_capacity,
        v1_0.main_image_name,
        v1_0.make,
        v1_0.model,
        v1_0.rating,
        v1_0.review_count,
        v1_0.seats,
        v1_0.transmission,
        v1_0.type,
        v1_0.updated_at,
        v1_0.year 
    from
        vehicles v1_0
2026-01-27T13:54:15.347Z  INFO 46760 --- [restartedMain] c.d.o.service.impl.SearchServiceImpl     : Search index rebuilt with 0 keywords
2026-01-27T13:54:15.513Z  WARN 46760 --- [restartedMain] JpaBaseConfiguration$JpaWebConfiguration : spring.jpa.open-in-view is enabled by default. Therefore, database queries may be performed during view rendering. Explicitly configure spring.jpa.open-in-view to disable this warning
2026-01-27T13:54:16.245Z  INFO 46760 --- [restartedMain] o.s.b.d.a.OptionalLiveReloadServer       : LiveReload server is running on port 35729
2026-01-27T13:54:16.275Z  INFO 46760 --- [restartedMain] o.s.b.w.embedded.tomcat.TomcatWebServer  : Tomcat started on port 8080 (http) with context path ''
2026-01-27T13:54:16.288Z  INFO 46760 --- [restartedMain] c.d.o.OnlineCarRentalApplication         : Started OnlineCarRentalApplication in 7.413 seconds (process running for 7.938)
2026-01-27T13:54:16.294Z  INFO 46760 --- [scheduling-1] c.d.o.service.impl.SearchServiceImpl     : Rebuilding search index...
2026-01-27T13:54:16.299Z DEBUG 46760 --- [scheduling-1] org.hibernate.SQL                        : 
    select
        v1_0.id,
        v1_0.base_price,
        v1_0.created_at,
        v1_0.daily_price,
        v1_0.description,
        v1_0.engine_capacity,
        v1_0.fuel_type,
        v1_0.image_category,
        v1_0.image_name,
        v1_0.image_names,
        v1_0.image_url,
        v1_0.is_available,
        v1_0.license_plate,
        v1_0.location,
        v1_0.luggage_capacity,
        v1_0.main_image_name,
        v1_0.make,
        v1_0.model,
        v1_0.rating,
        v1_0.review_count,
        v1_0.seats,
        v1_0.transmission,
        v1_0.type,
        v1_0.updated_at,
        v1_0.year 
    from
        vehicles v1_0
2026-01-27T13:54:16.303Z  INFO 46760 --- [scheduling-1] c.d.o.service.impl.SearchServiceImpl     : Search index rebuilt with 0 keywords
2026-01-27T13:55:13.212Z  INFO 46760 --- [http-nio-8080-exec-1] o.a.c.c.C.[Tomcat].[localhost].[/]       : Initializing Spring DispatcherServlet 'dispatcherServlet'
2026-01-27T13:55:13.213Z  INFO 46760 --- [http-nio-8080-exec-1] o.s.web.servlet.DispatcherServlet        : Initializing Servlet 'dispatcherServlet'
2026-01-27T13:55:13.215Z  INFO 46760 --- [http-nio-8080-exec-1] o.s.web.servlet.DispatcherServlet        : Completed initialization in 2 ms
2026-01-27T13:55:13.398Z  WARN 46760 --- [http-nio-8080-exec-2] o.s.w.s.h.HandlerMappingIntrospector     : Cache miss for REQUEST dispatch to '/api/auth/register' (previous null). Performing MatchableHandlerMapping lookup. This is logged once only at WARN level, and every time at TRACE.
2026-01-27T13:55:13.526Z DEBUG 46760 --- [http-nio-8080-exec-2] org.hibernate.SQL                        : 
    select
        u1_0.id 
    from
        users u1_0 
    where
        u1_0.email=? 
    limit
        ?
2026-01-27T13:55:13.667Z DEBUG 46760 --- [http-nio-8080-exec-2] org.hibernate.SQL                        : 
    insert 
    into
        users
        (created_at, email, first_name, last_name, password, phone, role, updated_at) 
    values
        (?, ?, ?, ?, ?, ?, ?, ?)
2026-01-27T13:55:14.170Z DEBUG 46760 --- [http-nio-8080-exec-4] org.hibernate.SQL                        : 
    select
        u1_0.id,
        u1_0.created_at,
        u1_0.email,
        u1_0.first_name,
        u1_0.last_name,
        u1_0.password,
        u1_0.phone,
        u1_0.role,
        u1_0.updated_at 
    from
        users u1_0 
    where
        u1_0.email=?
2026-01-27T13:55:14.198Z DEBUG 46760 --- [http-nio-8080-exec-4] org.hibernate.SQL                        : 
    select
        count(*) 
    from
        users u1_0 
    where
        u1_0.id=?
2026-01-27T13:55:14.205Z DEBUG 46760 --- [http-nio-8080-exec-4] org.hibernate.SQL                        : 
    select
        b1_0.id,
        b1_0.cancelled_at,
        b1_0.confirmed_at,
        b1_0.created_at,
        b1_0.dropoff_location,
        b1_0.end_date,
        b1_0.pickup_location,
        b1_0.start_date,
        b1_0.status,
        b1_0.total_price,
        b1_0.user_id,
        b1_0.vehicle_id 
    from
        bookings b1_0 
    where
        b1_0.user_id=? 
    limit
        ?, ?
2026-01-27T13:57:48.404Z DEBUG 46760 --- [http-nio-8080-exec-10] org.hibernate.SQL                        : 
    select
        u1_0.id,
        u1_0.created_at,
        u1_0.email,
        u1_0.first_name,
        u1_0.last_name,
        u1_0.password,
        u1_0.phone,
        u1_0.role,
        u1_0.updated_at 
    from
        users u1_0 
    where
        u1_0.email=?
2026-01-27T13:57:48.503Z DEBUG 46760 --- [http-nio-8080-exec-10] org.hibernate.SQL                        : 
    select
        u1_0.id,
        u1_0.created_at,
        u1_0.email,
        u1_0.first_name,
        u1_0.last_name,
        u1_0.password,
        u1_0.phone,
        u1_0.role,
        u1_0.updated_at 
    from
        users u1_0 
    where
        u1_0.email=?
2026-01-27T13:57:48.594Z DEBUG 46760 --- [http-nio-8080-exec-10] org.hibernate.SQL                        : 
    select
        u1_0.id,
        u1_0.created_at,
        u1_0.email,
        u1_0.first_name,
        u1_0.last_name,
        u1_0.password,
        u1_0.phone,
        u1_0.role,
        u1_0.updated_at 
    from
        users u1_0 
    where
        u1_0.email=?
2026-01-27T13:57:48.846Z DEBUG 46760 --- [http-nio-8080-exec-1] org.hibernate.SQL                        : 
    select
        u1_0.id,
        u1_0.created_at,
        u1_0.email,
        u1_0.first_name,
        u1_0.last_name,
        u1_0.password,
        u1_0.phone,
        u1_0.role,
        u1_0.updated_at 
    from
        users u1_0 
    where
        u1_0.email=?
2026-01-27T13:57:48.857Z DEBUG 46760 --- [http-nio-8080-exec-1] org.hibernate.SQL                        : 
    select
        count(*) 
    from
        users u1_0 
    where
        u1_0.id=?
2026-01-27T13:57:48.861Z DEBUG 46760 --- [http-nio-8080-exec-1] org.hibernate.SQL                        : 
    select
        b1_0.id,
        b1_0.cancelled_at,
        b1_0.confirmed_at,
        b1_0.created_at,
        b1_0.dropoff_location,
        b1_0.end_date,
        b1_0.pickup_location,
        b1_0.start_date,
        b1_0.status,
        b1_0.total_price,
        b1_0.user_id,
        b1_0.vehicle_id 
    from
        bookings b1_0 
    where
        b1_0.user_id=? 
    limit
        ?, ?
